<?xml version="1.0" encoding="UTF-8"?>
<!-- Generated by org.testng.reporters.JUnitReportReporter -->
<testsuite hostname="SAMSUNG-LAP" failures="0" tests="1" name="com.NG.NewTest" time="6.104" errors="0" timestamp="2022-02-15T13:19:12 IST" skipped="0">
  <testcase classname="com.NG.NewTest" name="f" time="6.104"/>
  <system-out/>
</testsuite> <!-- com.NG.NewTest -->
